<?xml version="1.0" encoding="UTF-8"?>
<testsuite name="com.example.creditcalculator.FinanceMathTest" tests="9" skipped="0" failures="0" errors="0" timestamp="2026-08-16T13:50:53" hostname="runnervmzvulz" time="0.012">
  <properties/>
  <testcase name="differentialKnownCase" classname="com.example.creditcalculator.FinanceMathTest" time="0.002"/>
  <testcase name="longMortgageLargeSavingIsMathematicallyPossible" classname="com.example.creditcalculator.FinanceMathTest" time="0.001"/>
  <testcase name="fixedPlanAdjustsLastPaymentInsteadOfMultiplyingRegularPayment" classname="com.example.creditcalculator.FinanceMathTest" time="0.0"/>
  <testcase name="refinanceIncludesFeesAndDoesNotTreatCashOutPrincipalAsACost" classname="com.example.creditcalculator.FinanceMathTest" time="0.0"/>
  <testcase name="reduceTermSavesMoreThanReducePaymentForStandardAnnuity" classname="com.example.creditcalculator.FinanceMathTest" time="0.0"/>
  <testcase name="annuityKnownCase" classname="com.example.creditcalculator.FinanceMathTest" time="0.0"/>
  <testcase name="zeroRate" classname="com.example.creditcalculator.FinanceMathTest" time="0.0"/>
  <testcase name="deposits" classname="com.example.creditcalculator.FinanceMathTest" time="0.0"/>
  <testcase name="reportedSameDayCaseHasPositiveSavings" classname="com.example.creditcalculator.FinanceMathTest" time="0.0"/>
  <system-out><![CDATA[]]></system-out>
  <system-err><![CDATA[]]></system-err>
</testsuite>
