<?xml version="1.0" encoding="UTF-8"?>
<testsuite name="com.example.creditcalculator.PaymentDateMathTest" tests="2" skipped="0" failures="0" errors="0" timestamp="2026-08-16T14:52:48" hostname="runnervmzvulz" time="0.002">
  <properties/>
  <testcase name="adjacentDaysRemainOrdered" classname="com.example.creditcalculator.PaymentDateMathTest" time="0.0"/>
  <testcase name="sameCalendarDayIgnoresClockTime" classname="com.example.creditcalculator.PaymentDateMathTest" time="0.001"/>
  <system-out><![CDATA[]]></system-out>
  <system-err><![CDATA[]]></system-err>
</testsuite>
